Base path: /Applications/Unity/Unity.app/Contents
Pipe name: \\.\pipe\UnityShaderCompiler-3--1330884608
Cmd: getPlatforms
Cmd: compileSnippet
  api=4 type=0 insize=10220 outsize=5369 kw=WATER_REFLECTIVE WATER_VERTEX_DISPLACEMENT_ON WATER_EDGEBLEND_ON ok=1
Cmd: compileSnippet
  api=0 type=0 insize=10220 outsize=5568 kw=WATER_REFLECTIVE WATER_VERTEX_DISPLACEMENT_ON WATER_EDGEBLEND_OFF ok=1
Cmd: compileSnippet
  api=4 type=0 insize=10220 outsize=5369 kw=WATER_SIMPLE WATER_VERTEX_DISPLACEMENT_ON WATER_EDGEBLEND_OFF ok=1
Cmd: compileSnippet
  api=0 type=0 insize=10220 outsize=3974 kw=WATER_SIMPLE WATER_VERTEX_DISPLACEMENT_OFF WATER_EDGEBLEND_ON ok=1
Cmd: compileSnippet
  api=1 type=0 insize=10220 outsize=627 kw=WATER_REFLECTIVE WATER_VERTEX_DISPLACEMENT_OFF WATER_EDGEBLEND_OFF ok=1
Cmd: compileSnippet
  api=1 type=1 insize=10220 outsize=1826 kw=WATER_REFLECTIVE WATER_VERTEX_DISPLACEMENT_ON WATER_EDGEBLEND_ON ok=1
Cmd: compileSnippet
  api=1 type=1 insize=10220 outsize=1505 kw=WATER_REFLECTIVE WATER_VERTEX_DISPLACEMENT_ON WATER_EDGEBLEND_OFF ok=1
Cmd: compileSnippet
  api=0 type=1 insize=10220 outsize=6 kw=WATER_SIMPLE WATER_VERTEX_DISPLACEMENT_ON WATER_EDGEBLEND_OFF ok=1
Cmd: compileSnippet
  api=1 type=1 insize=10220 outsize=1414 kw=WATER_SIMPLE WATER_VERTEX_DISPLACEMENT_ON WATER_EDGEBLEND_OFF ok=1
Cmd: compileSnippet
  api=0 type=1 insize=10220 outsize=6 kw=WATER_SIMPLE WATER_VERTEX_DISPLACEMENT_OFF WATER_EDGEBLEND_ON ok=1
Cmd: compileSnippet
  api=1 type=1 insize=10220 outsize=1728 kw=WATER_SIMPLE WATER_VERTEX_DISPLACEMENT_OFF WATER_EDGEBLEND_ON ok=1
Cmd: compileSnippet
  api=4 type=1 insize=10220 outsize=4752 kw=WATER_REFLECTIVE WATER_VERTEX_DISPLACEMENT_OFF WATER_EDGEBLEND_OFF ok=1
Cmd: compileSnippet
  api=4 type=0 insize=10224 outsize=4979 kw=WATER_REFLECTIVE WATER_VERTEX_DISPLACEMENT_ON WATER_EDGEBLEND_ON ok=1
Cmd: compileSnippet
  api=4 type=0 insize=10224 outsize=4979 kw=WATER_SIMPLE WATER_VERTEX_DISPLACEMENT_ON WATER_EDGEBLEND_ON ok=1
Cmd: compileSnippet
  api=1 type=0 insize=10224 outsize=2463 kw=WATER_SIMPLE WATER_VERTEX_DISPLACEMENT_ON WATER_EDGEBLEND_OFF ok=1
Cmd: compileSnippet
  api=4 type=0 insize=10224 outsize=2330 kw=WATER_SIMPLE WATER_VERTEX_DISPLACEMENT_OFF WATER_EDGEBLEND_ON ok=1
Cmd: compileSnippet
  api=1 type=0 insize=10224 outsize=484 kw=WATER_REFLECTIVE WATER_VERTEX_DISPLACEMENT_OFF WATER_EDGEBLEND_OFF ok=1
Cmd: compileSnippet
  api=1 type=1 insize=10224 outsize=1339 kw=WATER_REFLECTIVE WATER_VERTEX_DISPLACEMENT_ON WATER_EDGEBLEND_ON ok=1
Cmd: compileSnippet
  api=4 type=1 insize=10224 outsize=3907 kw=WATER_REFLECTIVE WATER_VERTEX_DISPLACEMENT_ON WATER_EDGEBLEND_OFF ok=1
Cmd: compileSnippet
  api=4 type=1 insize=10224 outsize=4483 kw=WATER_REFLECTIVE WATER_VERTEX_DISPLACEMENT_OFF WATER_EDGEBLEND_ON ok=1
Cmd: compileSnippet
  api=1 type=1 insize=10224 outsize=1026 kw=WATER_SIMPLE WATER_VERTEX_DISPLACEMENT_OFF WATER_EDGEBLEND_OFF ok=1
Cmd: compileSnippet
  api=4 type=0 insize=9966 outsize=1875 kw= ok=1
Cmd: compileSnippet
  api=1 type=1 insize=9966 outsize=1100 kw= ok=1
End of pipe

Quitting shader compiler process
