Base path: /Applications/Unity/Unity.app/Contents
Pipe name: \\.\pipe\UnityShaderCompiler-4--1331949568
Cmd: getPlatforms
Cmd: compileSnippet
  api=0 type=0 insize=10220 outsize=6263 kw=WATER_SIMPLE WATER_VERTEX_DISPLACEMENT_ON WATER_EDGEBLEND_ON ok=1
Cmd: compileSnippet
  api=4 type=0 insize=10220 outsize=5369 kw=WATER_REFLECTIVE WATER_VERTEX_DISPLACEMENT_ON WATER_EDGEBLEND_OFF ok=1
Cmd: compileSnippet
  api=0 type=0 insize=10220 outsize=4140 kw=WATER_REFLECTIVE WATER_VERTEX_DISPLACEMENT_OFF WATER_EDGEBLEND_ON ok=1
Cmd: compileSnippet
  api=1 type=0 insize=10220 outsize=627 kw=WATER_SIMPLE WATER_VERTEX_DISPLACEMENT_OFF WATER_EDGEBLEND_ON ok=1
Cmd: compileSnippet
  api=4 type=0 insize=10220 outsize=2720 kw=WATER_REFLECTIVE WATER_VERTEX_DISPLACEMENT_OFF WATER_EDGEBLEND_OFF ok=1
Cmd: compileSnippet
  api=4 type=0 insize=10220 outsize=2720 kw=WATER_SIMPLE WATER_VERTEX_DISPLACEMENT_OFF WATER_EDGEBLEND_OFF ok=1
Cmd: compileSnippet
  api=0 type=1 insize=10220 outsize=6 kw=WATER_SIMPLE WATER_VERTEX_DISPLACEMENT_ON WATER_EDGEBLEND_ON ok=1
Cmd: compileSnippet
  api=4 type=1 insize=10220 outsize=5507 kw=WATER_SIMPLE WATER_VERTEX_DISPLACEMENT_ON WATER_EDGEBLEND_ON ok=1
Cmd: compileSnippet
  api=0 type=1 insize=10220 outsize=6 kw=WATER_REFLECTIVE WATER_VERTEX_DISPLACEMENT_OFF WATER_EDGEBLEND_ON ok=1
Cmd: compileSnippet
  api=1 type=1 insize=10220 outsize=1826 kw=WATER_REFLECTIVE WATER_VERTEX_DISPLACEMENT_OFF WATER_EDGEBLEND_ON ok=1
Cmd: compileSnippet
  api=4 type=1 insize=10220 outsize=5507 kw=WATER_SIMPLE WATER_VERTEX_DISPLACEMENT_OFF WATER_EDGEBLEND_ON ok=1
Cmd: compileSnippet
  api=1 type=0 insize=10224 outsize=2463 kw=WATER_REFLECTIVE WATER_VERTEX_DISPLACEMENT_ON WATER_EDGEBLEND_ON ok=1
Cmd: compileSnippet
  api=0 type=0 insize=10224 outsize=4592 kw=WATER_SIMPLE WATER_VERTEX_DISPLACEMENT_ON WATER_EDGEBLEND_OFF ok=1
Cmd: compileSnippet
  api=0 type=0 insize=10224 outsize=2850 kw=WATER_REFLECTIVE WATER_VERTEX_DISPLACEMENT_OFF WATER_EDGEBLEND_ON ok=1
Cmd: compileSnippet
  api=0 type=0 insize=10224 outsize=2619 kw=WATER_SIMPLE WATER_VERTEX_DISPLACEMENT_OFF WATER_EDGEBLEND_ON ok=1
Cmd: compileSnippet
  api=1 type=0 insize=10224 outsize=484 kw=WATER_SIMPLE WATER_VERTEX_DISPLACEMENT_OFF WATER_EDGEBLEND_OFF ok=1
Cmd: compileSnippet
  api=4 type=1 insize=10224 outsize=4483 kw=WATER_REFLECTIVE WATER_VERTEX_DISPLACEMENT_ON WATER_EDGEBLEND_ON ok=1
Cmd: compileSnippet
  api=1 type=1 insize=10224 outsize=1026 kw=WATER_SIMPLE WATER_VERTEX_DISPLACEMENT_ON WATER_EDGEBLEND_OFF ok=1
Cmd: compileSnippet
  api=0 type=1 insize=10224 outsize=6 kw=WATER_SIMPLE WATER_VERTEX_DISPLACEMENT_OFF WATER_EDGEBLEND_ON ok=1
Cmd: compileSnippet
  api=1 type=1 insize=10224 outsize=1166 kw=WATER_SIMPLE WATER_VERTEX_DISPLACEMENT_OFF WATER_EDGEBLEND_ON ok=1
Cmd: compileSnippet
  api=4 type=1 insize=10224 outsize=3907 kw=WATER_REFLECTIVE WATER_VERTEX_DISPLACEMENT_OFF WATER_EDGEBLEND_OFF ok=1
Cmd: compileSnippet
  api=8 type=0 insize=9966 outsize=2730 kw= ok=1
Cmd: compileSnippet
  api=4 type=1 insize=9966 outsize=3070 kw= ok=1
End of pipe

Quitting shader compiler process
